<?xml version="1.0" encoding="UTF-8"?>
<testng-results skipped="0" failed="0" total="1" passed="1">
  <reporter-output>
  </reporter-output>
  <suite name="Default suite" duration-ms="419740" started-at="2018-10-15T13:12:28Z" finished-at="2018-10-15T13:19:27Z">
    <groups>
    </groups>
    <test name="Default test" duration-ms="419740" started-at="2018-10-15T13:12:28Z" finished-at="2018-10-15T13:19:27Z">
      <class name="apptest.WP_ZeDelivery">
        <test-method status="PASS" signature="setUp(java.lang.String)[pri:0, instance:apptest.WP_ZeDelivery@6b09bb57]" name="setUp" is-config="true" duration-ms="44966" started-at="2018-10-15T10:12:28Z" finished-at="2018-10-15T10:13:13Z">
          <params>
            <param index="0">
              <value>
                <![CDATA[@os='android']]>
              </value>
            </param>
          </params>
          <reporter-output>
          </reporter-output>
        </test-method> <!-- setUp -->
        <test-method status="PASS" signature="testedozedelivery()[pri:0, instance:apptest.WP_ZeDelivery@6b09bb57]" name="testedozedelivery" duration-ms="348270" started-at="2018-10-15T10:13:13Z" finished-at="2018-10-15T10:19:01Z">
          <reporter-output>
          </reporter-output>
        </test-method> <!-- testedozedelivery -->
        <test-method status="PASS" signature="tearDown(org.testng.ITestResult)[pri:0, instance:apptest.WP_ZeDelivery@6b09bb57]" name="tearDown" is-config="true" duration-ms="26460" started-at="2018-10-15T10:19:01Z" finished-at="2018-10-15T10:19:27Z">
          <params>
            <param index="0">
              <value>
                <![CDATA[[TestResult name=testedozedelivery status=SUCCESS method=WP_ZeDelivery.testedozedelivery()[pri:0, instance:apptest.WP_ZeDelivery@6b09bb57] output={null}]]]>
              </value>
            </param>
          </params>
          <reporter-output>
          </reporter-output>
        </test-method> <!-- tearDown -->
      </class> <!-- apptest.WP_ZeDelivery -->
    </test> <!-- Default test -->
  </suite> <!-- Default suite -->
</testng-results>
